2023-11-04T09:13:08.673+03:00  INFO 7192 --- [restartedMain] c.h.F.FullStackDeveloper11Application    : Starting FullStackDeveloper11Application using Java 17.0.5 with PID 7192 (D:\spring\FullStackDeveloper11\target\classes started by 90553 in D:\spring\FullStackDeveloper11)
2023-11-04T09:13:08.681+03:00  INFO 7192 --- [restartedMain] c.h.F.FullStackDeveloper11Application    : The following 1 profile is active: "frontend"
2023-11-04T09:13:08.758+03:00  INFO 7192 --- [restartedMain] .e.DevToolsPropertyDefaultsPostProcessor : Devtools property defaults active! Set 'spring.devtools.add-properties' to 'false' to disable
2023-11-04T09:13:08.759+03:00  INFO 7192 --- [restartedMain] .e.DevToolsPropertyDefaultsPostProcessor : For additional web related logging consider setting the 'logging.level.web' property to 'DEBUG'
2023-11-04T09:13:10.456+03:00  INFO 7192 --- [restartedMain] .s.d.r.c.RepositoryConfigurationDelegate : Bootstrapping Spring Data JPA repositories in DEFAULT mode.
2023-11-04T09:13:10.532+03:00  INFO 7192 --- [restartedMain] .s.d.r.c.RepositoryConfigurationDelegate : Finished Spring Data repository scanning in 65 ms. Found 1 JPA repository interfaces.
2023-11-04T09:13:11.078+03:00  INFO 7192 --- [restartedMain] o.s.b.w.embedded.tomcat.TomcatWebServer  : Tomcat initialized with port(s): 4444 (http)
2023-11-04T09:13:11.085+03:00  INFO 7192 --- [restartedMain] o.apache.catalina.core.StandardService   : Starting service [Tomcat]
2023-11-04T09:13:11.086+03:00  INFO 7192 --- [restartedMain] o.apache.catalina.core.StandardEngine    : Starting Servlet engine: [Apache Tomcat/10.1.13]
2023-11-04T09:13:11.138+03:00  INFO 7192 --- [restartedMain] o.a.c.c.C.[Tomcat].[localhost].[/]       : Initializing Spring embedded WebApplicationContext
2023-11-04T09:13:11.138+03:00  INFO 7192 --- [restartedMain] w.s.c.ServletWebServerApplicationContext : Root WebApplicationContext: initialization completed in 2376 ms
2023-11-04T09:13:11.218+03:00  INFO 7192 --- [restartedMain] com.zaxxer.hikari.HikariDataSource       : HikariPool-1 - Starting...
2023-11-04T09:13:11.417+03:00  INFO 7192 --- [restartedMain] com.zaxxer.hikari.pool.HikariPool        : HikariPool-1 - Added connection conn0: url=jdbc:h2:file:./memory_persist/blog user=SA
2023-11-04T09:13:11.419+03:00  INFO 7192 --- [restartedMain] com.zaxxer.hikari.HikariDataSource       : HikariPool-1 - Start completed.
2023-11-04T09:13:11.429+03:00  INFO 7192 --- [restartedMain] o.s.b.a.h2.H2ConsoleAutoConfiguration    : H2 console available at '/h2-console'. Database available at 'jdbc:h2:file:./memory_persist/blog'
2023-11-04T09:13:11.482+03:00 DEBUG 7192 --- [restartedMain] o.s.w.f.ServerHttpObservationFilter      : Filter 'webMvcObservationFilter' configured for use
2023-11-04T09:13:11.482+03:00 DEBUG 7192 --- [restartedMain] o.s.w.s.r.ResourceUrlEncodingFilter      : Filter 'resourceUrlEncodingFilter' configured for use
2023-11-04T09:13:11.816+03:00  INFO 7192 --- [restartedMain] o.s.o.j.p.SpringPersistenceUnitInfo      : No LoadTimeWeaver setup: ignoring JPA class transformer
2023-11-04T09:13:12.592+03:00  INFO 7192 --- [restartedMain] j.LocalContainerEntityManagerFactoryBean : Initialized JPA EntityManagerFactory for persistence unit 'default'
2023-11-04T09:13:12.601+03:00  INFO 7192 --- [restartedMain] c.h.F.bean.AuditorAwareBeanClass         : auditor Aware bean Before başladı
2023-11-04T09:13:12.602+03:00  INFO 7192 --- [restartedMain] c.h.F.bean.BlogCommandLineRunner         : blog CommandLineRunner After Bean Method başladı
2023-11-04T09:13:12.603+03:00  INFO 7192 --- [restartedMain] c.h.F.bean.Locale18NBeanClass            : swagger Open Api Before Bean başladı
2023-11-04T09:13:12.604+03:00  INFO 7192 --- [restartedMain] c.h.F.bean.ModelMapperBeanClass          : Model mapper bean Before başladı
2023-11-04T09:13:12.604+03:00  INFO 7192 --- [restartedMain] c.h.F.bean.PasswordEncoderBeanClass      : password Encoder Before Bean başladı
2023-11-04T09:13:12.605+03:00  INFO 7192 --- [restartedMain] c.h.F.bean.SwaggerOpenApiBeanClass       : swagger Open Api Before Bean başladı
2023-11-04T09:13:13.048+03:00  WARN 7192 --- [restartedMain] JpaBaseConfiguration$JpaWebConfiguration : spring.jpa.open-in-view is enabled by default. Therefore, database queries may be performed during view rendering. Explicitly configure spring.jpa.open-in-view to disable this warning
2023-11-04T09:13:13.143+03:00 DEBUG 7192 --- [restartedMain] s.w.s.m.m.a.RequestMappingHandlerAdapter : ControllerAdvice beans: 0 @ModelAttribute, 0 @InitBinder, 1 RequestBodyAdvice, 1 ResponseBodyAdvice
2023-11-04T09:13:13.180+03:00  INFO 7192 --- [restartedMain] o.s.b.a.w.s.WelcomePageHandlerMapping    : Adding welcome page template: index
2023-11-04T09:13:13.235+03:00 DEBUG 7192 --- [restartedMain] s.w.s.m.m.a.RequestMappingHandlerMapping : 13 mappings in 'requestMappingHandlerMapping'
2023-11-04T09:13:13.602+03:00 DEBUG 7192 --- [restartedMain] o.s.w.s.handler.SimpleUrlHandlerMapping  : Patterns [/webjars/**, /**, /swagger-ui*/*swagger-initializer.js, /swagger-ui*/**] in 'resourceHandlerMapping'
2023-11-04T09:13:13.612+03:00 DEBUG 7192 --- [restartedMain] .m.m.a.ExceptionHandlerExceptionResolver : ControllerAdvice beans: 1 @ExceptionHandler, 1 ResponseBodyAdvice
2023-11-04T09:13:13.961+03:00  INFO 7192 --- [restartedMain] o.s.b.d.a.OptionalLiveReloadServer       : LiveReload server is running on port 35729
2023-11-04T09:13:13.965+03:00  INFO 7192 --- [restartedMain] o.s.b.a.e.web.EndpointLinksResolver      : Exposing 16 endpoint(s) beneath base path '/actuator'
2023-11-04T09:13:14.033+03:00  INFO 7192 --- [restartedMain] o.s.b.w.embedded.tomcat.TomcatWebServer  : Tomcat started on port(s): 4444 (http) with context path ''
2023-11-04T09:13:14.050+03:00  INFO 7192 --- [restartedMain] c.h.F.FullStackDeveloper11Application    : Started FullStackDeveloper11Application in 6.229 seconds (process running for 7.406)
2023-11-04T09:13:14.056+03:00  INFO 7192 --- [restartedMain] c.h.F.bean.BlogCommandLineRunner2        : CommandLineRunner Çalıştı Sade
2023-11-04T09:13:14.057+03:00  INFO 7192 --- [restartedMain] c.h.F.bean.BlogCommandLineRunner         : CommandLineRunner Çalıştı
